<?xml version="1.0" encoding="UTF-8"?>
<!-- Generated by org.testng.reporters.JUnitXMLReporter -->
<testsuite ignored="0" hostname="Vaibhavs-MacBook-Air.local" failures="3" tests="4" name="Test" time="135.003" errors="0" timestamp="2022-11-28T22:48:11 CST">
  <testcase classname="testcase.LoginTestCase" name="loginTest" time="20.598">
    <failure type="java.lang.AssertionError" message="expected [Log In] but found [Home - Hudl]">
      <![CDATA[java.lang.AssertionError: expected [Log In] but found [Home - Hudl]
at testcase.LoginTestCase.loginTest(LoginTestCase.java:21)
at java.base/java.util.ArrayList.forEach(ArrayList.java:1511)
... Removed 33 stack frames]]>
    </failure>
  </testcase> <!-- loginTest -->
  <testcase classname="testcase.LoginTestCase" name="loginTest" time="19.379">
    <failure type="java.lang.AssertionError" message="expected [Log In] but found [Home - Hudl]">
      <![CDATA[java.lang.AssertionError: expected [Log In] but found [Home - Hudl]
at testcase.LoginTestCase.loginTest(LoginTestCase.java:21)
at java.base/java.util.ArrayList.forEach(ArrayList.java:1511)
... Removed 33 stack frames]]>
    </failure>
  </testcase> <!-- loginTest -->
  <testcase classname="testcase.LoginTestCase" name="loginTest" time="19.294">
    <failure type="java.lang.AssertionError" message="expected [Log In] but found [Home - Hudl]">
      <![CDATA[java.lang.AssertionError: expected [Log In] but found [Home - Hudl]
at testcase.LoginTestCase.loginTest(LoginTestCase.java:21)
at java.base/java.util.ArrayList.forEach(ArrayList.java:1511)
... Removed 33 stack frames]]>
    </failure>
  </testcase> <!-- loginTest -->
  <testcase classname="testcase.LoginTestCase" name="loginTest" time="22.246"/>
</testsuite> <!-- Test -->
